1546951089178	geckodriver	INFO	geckodriver 0.21.0
1546951089187	geckodriver	INFO	Listening on 127.0.0.1:64099
1546951092181	mozrunner::runner	INFO	Running command: "C:\\Program Files\\Mozilla Firefox\\firefox.exe" "-marionette" "--headless" "-foreground" "-no-remote" "-profile" "C:\\Users\\jjw4418\\AppData\\Local\\Temp\\rust_mozprofile.fNWCxQqjgqm3"
*** You are running in headless mode.
Unable to read VR Path Registry from C:\Users\jjw4418\AppData\Local\openvr\openvrpaths.vrpath
Unable to read VR Path Registry from C:\Users\jjw4418\AppData\Local\openvr\openvrpaths.vrpath
Unable to read VR Path Registry from C:\Users\jjw4418\AppData\Local\openvr\openvrpaths.vrpath
Unable to read VR Path Registry from C:\Users\jjw4418\AppData\Local\openvr\openvrpaths.vrpath
1546951095553	Marionette	INFO	Listening on port 64108
1546951096028	Marionette	WARN	TLS certificate errors will be ignored for this session
1546951110494	geckodriver	INFO	geckodriver 0.21.0
1546951110503	geckodriver	INFO	Listening on 127.0.0.1:64141
1546951113503	mozrunner::runner	INFO	Running command: "C:\\Program Files\\Mozilla Firefox\\firefox.exe" "-marionette" "--headless" "-foreground" "-no-remote" "-profile" "C:\\Users\\jjw4418\\AppData\\Local\\Temp\\rust_mozprofile.k4nfNE8kYKxL"
*** You are running in headless mode.
Unable to read VR Path Registry from C:\Users\jjw4418\AppData\Local\openvr\openvrpaths.vrpath
Unable to read VR Path Registry from C:\Users\jjw4418\AppData\Local\openvr\openvrpaths.vrpath
Unable to read VR Path Registry from C:\Users\jjw4418\AppData\Local\openvr\openvrpaths.vrpath
Unable to read VR Path Registry from C:\Users\jjw4418\AppData\Local\openvr\openvrpaths.vrpath
1546951115514	Marionette	INFO	Listening on port 64149
1546951115633	Marionette	WARN	TLS certificate errors will be ignored for this session
1546952012898	geckodriver	INFO	geckodriver 0.21.0
1546952012910	geckodriver	INFO	Listening on 127.0.0.1:64591
1546952015924	mozrunner::runner	INFO	Running command: "C:\\Program Files\\Mozilla Firefox\\firefox.exe" "-marionette" "--headless" "-foreground" "-no-remote" "-profile" "C:\\Users\\jjw4418\\AppData\\Local\\Temp\\rust_mozprofile.1VtmxM4HETGz"
*** You are running in headless mode.
Unable to read VR Path Registry from C:\Users\jjw4418\AppData\Local\openvr\openvrpaths.vrpath
Unable to read VR Path Registry from C:\Users\jjw4418\AppData\Local\openvr\openvrpaths.vrpath
Unable to read VR Path Registry from C:\Users\jjw4418\AppData\Local\openvr\openvrpaths.vrpath
Unable to read VR Path Registry from C:\Users\jjw4418\AppData\Local\openvr\openvrpaths.vrpath
1546952018129	Marionette	INFO	Listening on port 64599
1546952018171	Marionette	WARN	TLS certificate errors will be ignored for this session
JavaScript error: jar:file:///C:/Program%20Files/Mozilla%20Firefox/omni.ja!/components/nsUrlClassifierListManager.js, line 65: NS_ERROR_XPC_GS_RETURNED_FAILURE: Component returned failure code: 0x80570016 (NS_ERROR_XPC_GS_RETURNED_FAILURE) [nsIJSCID.getService]
JavaScript error: jar:file:///C:/Program%20Files/Mozilla%20Firefox/omni.ja!/components/nsUrlClassifierListManager.js, line 65: NS_ERROR_XPC_GS_RETURNED_FAILURE: Component returned failure code: 0x80570016 (NS_ERROR_XPC_GS_RETURNED_FAILURE) [nsIJSCID.getService]
1546953098157	geckodriver	INFO	geckodriver 0.21.0
1546953098170	geckodriver	INFO	Listening on 127.0.0.1:65417
1546953101171	mozrunner::runner	INFO	Running command: "C:\\Program Files\\Mozilla Firefox\\firefox.exe" "-marionette" "--headless" "-foreground" "-no-remote" "-profile" "C:\\Users\\jjw4418\\AppData\\Local\\Temp\\rust_mozprofile.mMxd5NWmhNK1"
*** You are running in headless mode.
Unable to read VR Path Registry from C:\Users\jjw4418\AppData\Local\openvr\openvrpaths.vrpath
Unable to read VR Path Registry from C:\Users\jjw4418\AppData\Local\openvr\openvrpaths.vrpath
Unable to read VR Path Registry from C:\Users\jjw4418\AppData\Local\openvr\openvrpaths.vrpath
Unable to read VR Path Registry from C:\Users\jjw4418\AppData\Local\openvr\openvrpaths.vrpath
1546953103174	Marionette	INFO	Listening on port 65430
1546953103296	Marionette	WARN	TLS certificate errors will be ignored for this session
1546954798643	geckodriver	INFO	geckodriver 0.21.0
1546954798652	geckodriver	INFO	Listening on 127.0.0.1:52016
1546954801671	mozrunner::runner	INFO	Running command: "C:\\Program Files\\Mozilla Firefox\\firefox.exe" "-marionette" "--headless" "-foreground" "-no-remote" "-profile" "C:\\Users\\jjw4418\\AppData\\Local\\Temp\\rust_mozprofile.6WeIFIBXEx7o"
*** You are running in headless mode.
Unable to read VR Path Registry from C:\Users\jjw4418\AppData\Local\openvr\openvrpaths.vrpath
Unable to read VR Path Registry from C:\Users\jjw4418\AppData\Local\openvr\openvrpaths.vrpath
Unable to read VR Path Registry from C:\Users\jjw4418\AppData\Local\openvr\openvrpaths.vrpath
Unable to read VR Path Registry from C:\Users\jjw4418\AppData\Local\openvr\openvrpaths.vrpath
1546954803988	Marionette	INFO	Listening on port 52032
1546954804388	Marionette	WARN	TLS certificate errors will be ignored for this session
1546955161604	geckodriver	INFO	geckodriver 0.21.0
1546955161645	geckodriver	INFO	Listening on 127.0.0.1:64030
1546955164623	mozrunner::runner	INFO	Running command: "C:\\Program Files\\Mozilla Firefox\\firefox.exe" "-marionette" "--headless" "-foreground" "-no-remote" "-profile" "C:\\Users\\jjw4418\\AppData\\Local\\Temp\\rust_mozprofile.b97KHcdSe2dQ"
*** You are running in headless mode.
Unable to read VR Path Registry from C:\Users\jjw4418\AppData\Local\openvr\openvrpaths.vrpath
Unable to read VR Path Registry from C:\Users\jjw4418\AppData\Local\openvr\openvrpaths.vrpath
Unable to read VR Path Registry from C:\Users\jjw4418\AppData\Local\openvr\openvrpaths.vrpath
Unable to read VR Path Registry from C:\Users\jjw4418\AppData\Local\openvr\openvrpaths.vrpath
1546955166740	Marionette	INFO	Listening on port 64061
1546955166859	Marionette	WARN	TLS certificate errors will be ignored for this session
1546955428620	addons.productaddons	WARN	Failed downloading via XHR, status: 0, reason: error
thread '<unnamed>' panicked at 'called `Result::unwrap()` on an `Err` value: Os { code: 10054, kind: ConnectionReset, message: "An existing connection was forcibly closed by the remote host." }', libcore\result.rs:945:5
note: Run with `RUST_BACKTRACE=1` for a backtrace.
unning in headless mode.
Unable to read VR Path Registry from C:\Users\jjw4418\AppData\Local\openvr\openvrpaths.vrpath
Unable to read VR Path Registry from C:\Users\jjw4418\AppData\Local\openvr\openvrpaths.vrpath
Unable to read VR Path Registry from C:\Users\jjw4418\AppData\Local\openvr\openvrpaths.vrpath
Unable to read VR Path Registry from C:\Users\jjw4418\AppData\Local\openvr\openvrpaths.vrpath
1546955245406	Marionette	INFO	Listening on port 64237
1546955245589	Marionette	WARN	TLS certificate errors will be ignored for this session
1546955428626	addons.productaddons	WARN	Failed downloading via XHR, status: 0, reason: error
127.0.0.1:64256
1546955249056	mozrunner::runner	INFO	Running command: "C:\\Program Files\\Mozilla Firefox\\firefox.exe" "-marionette" "--headless" "-foreground" "-no-remote" "-profile" "C:\\Users\\jjw4418\\AppData\\Local\\Temp\\rust_mozprofile.V9lgkDhTLxle"
*** You are running in headless mode.
Unable to read VR Path Registry from C:\Users\jjw4418\AppData\Local\openvr\openvrpaths.vrpath
Unable to read VR Path Registry from C:\Users\jjw4418\AppData\Local\openvr\openvrpaths.vrpath
Unable to read VR Path Registry from C:\Users\jjw4418\AppData\Local\openvr\openvrpaths.vrpath
Unable to read VR Path Registry from C:\Users\jjw4418\AppData\Local\openvr\openvrpaths.vrpath
1546955251135	Marionette	INFO	Listening on port 64280
1546955251222	Marionette	WARN	TLS certificate errors will be ignored for this session
1546955303846	addons.productaddons	WARN	Failed downloading via XHR, status: 0, reason: error
127.0.0.1:64300
1546955254817	mozrunner::runner	INFO	Running command: "C:\\Program Files\\Mozilla Firefox\\firefox.exe" "-marionette" "--headless" "-foreground" "-no-remote" "-profile" "C:\\Users\\jjw4418\\AppData\\Local\\Temp\\rust_mozprofile.laZiYRHLOmof"
*** You are running in headless mode.
Unable to read VR Path Registry from C:\Users\jjw4418\AppData\Local\openvr\openvrpaths.vrpath
Unable to read VR Path Registry from C:\Users\jjw4418\AppData\Local\openvr\openvrpaths.vrpath
Unable to read VR Path Registry from C:\Users\jjw4418\AppData\Local\openvr\openvrpaths.vrpath
1546955256818	Marionette	INFO	Listening on port 64319
1546955256983	Marionette	WARN	TLS certificate errors will be ignored for this session
Unable to read VR Path Registry from C:\Users\jjw4418\AppData\Local\openvr\openvrpaths.vrpath
1546955428624	addons.productaddons	WARN	Failed downloading via XHR, status: 0, reason: error
127.0.0.1:64426
1546955269465	mozrunner::runner	INFO	Running command: "C:\\Program Files\\Mozilla Firefox\\firefox.exe" "-marionette" "--headless" "-foreground" "-no-remote" "-profile" "C:\\Users\\jjw4418\\AppData\\Local\\Temp\\rust_mozprofile.krDNuBQRFYHO"
*** You are running in headless mode.
Unable to read VR Path Registry from C:\Users\jjw4418\AppData\Local\openvr\openvrpaths.vrpath
Unable to read VR Path Registry from C:\Users\jjw4418\AppData\Local\openvr\openvrpaths.vrpath
Unable to read VR Path Registry from C:\Users\jjw4418\AppData\Local\openvr\openvrpaths.vrpath
1546955271867	Marionette	INFO	Listening on port 64467
Unable to read VR Path Registry from C:\Users\jjw4418\AppData\Local\openvr\openvrpaths.vrpath
1546955272185	Marionette	WARN	TLS certificate errors will be ignored for this session
1546955428624	addons.productaddons	WARN	Failed downloading via XHR, status: 0, reason: error
127.0.0.1:64511
1546955277809	mozrunner::runner	INFO	Running command: "C:\\Program Files\\Mozilla Firefox\\firefox.exe" "-marionette" "--headless" "-foreground" "-no-remote" "-profile" "C:\\Users\\jjw4418\\AppData\\Local\\Temp\\rust_mozprofile.ZqR48dtWmvVs"
*** You are running in headless mode.
Unable to read VR Path Registry from C:\Users\jjw4418\AppData\Local\openvr\openvrpaths.vrpath
Unable to read VR Path Registry from C:\Users\jjw4418\AppData\Local\openvr\openvrpaths.vrpath
Unable to read VR Path Registry from C:\Users\jjw4418\AppData\Local\openvr\openvrpaths.vrpath
1546955280231	Marionette	INFO	Listening on port 64529
Unable to read VR Path Registry from C:\Users\jjw4418\AppData\Local\openvr\openvrpaths.vrpath
1546955280557	Marionette	WARN	TLS certificate errors will be ignored for this session
1546955428622	addons.productaddons	WARN	Failed downloading via XHR, status: 0, reason: error
127.0.0.1:64576
1546955287199	mozrunner::runner	INFO	Running command: "C:\\Program Files\\Mozilla Firefox\\firefox.exe" "-marionette" "--headless" "-foreground" "-no-remote" "-profile" "C:\\Users\\jjw4418\\AppData\\Local\\Temp\\rust_mozprofile.2wjlqhkcD1Fd"
*** You are running in headless mode.
Unable to read VR Path Registry from C:\Users\jjw4418\AppData\Local\openvr\openvrpaths.vrpath
Unable to read VR Path Registry from C:\Users\jjw4418\AppData\Local\openvr\openvrpaths.vrpath
Unable to read VR Path Registry from C:\Users\jjw4418\AppData\Local\openvr\openvrpaths.vrpath
1546955289560	Marionette	INFO	Listening on port 64593
Unable to read VR Path Registry from C:\Users\jjw4418\AppData\Local\openvr\openvrpaths.vrpath
1546955289934	Marionette	WARN	TLS certificate errors will be ignored for this session
1546955428624	addons.productaddons	WARN	Failed downloading via XHR, status: 0, reason: error
127.0.0.1:64629
1546955296608	mozrunner::runner	INFO	Running command: "C:\\Program Files\\Mozilla Firefox\\firefox.exe" "-marionette" "--headless" "-foreground" "-no-remote" "-profile" "C:\\Users\\jjw4418\\AppData\\Local\\Temp\\rust_mozprofile.zK8M0QldPWsU"
*** You are running in headless mode.
Unable to read VR Path Registry from C:\Users\jjw4418\AppData\Local\openvr\openvrpaths.vrpath
Unable to read VR Path Registry from C:\Users\jjw4418\AppData\Local\openvr\openvrpaths.vrpath
Unable to read VR Path Registry from C:\Users\jjw4418\AppData\Local\openvr\openvrpaths.vrpath
1546955299132	Marionette	INFO	Listening on port 64652
Unable to read VR Path Registry from C:\Users\jjw4418\AppData\Local\openvr\openvrpaths.vrpath
1546955299337	Marionette	WARN	TLS certificate errors will be ignored for this session
1546955428626	addons.productaddons	WARN	Failed downloading via XHR, status: 0, reason: error
1546955428858	addons.productaddons	WARN	Failed downloading via XHR, status: 0, reason: error
lla Firefox\\firefox.exe" "-marionette" "--headless" "-foreground" "-no-remote" "-profile" "C:\\Users\\jjw4418\\AppData\\Local\\Temp\\rust_mozprofile.Rh4YDechO7XA"
*** You are running in headless mode.
Unable to read VR Path Registry from C:\Users\jjw4418\AppData\Local\openvr\openvrpaths.vrpath
Unable to read VR Path Registry from C:\Users\jjw4418\AppData\Local\openvr\openvrpaths.vrpath
Unable to read VR Path Registry from C:\Users\jjw4418\AppData\Local\openvr\openvrpaths.vrpath
1546955306843	Marionette	INFO	Listening on port 64719
Unable to read VR Path Registry from C:\Users\jjw4418\AppData\Local\openvr\openvrpaths.vrpath
1546955307245	Marionette	WARN	TLS certificate errors will be ignored for this session
1546955428627	addons.productaddons	WARN	Failed downloading via XHR, status: 0, reason: error
127.0.0.1:64772
1546955316881	mozrunner::runner	INFO	Running command: "C:\\Program Files\\Mozilla Firefox\\firefox.exe" "-marionette" "--headless" "-foreground" "-no-remote" "-profile" "C:\\Users\\jjw4418\\AppData\\Local\\Temp\\rust_mozprofile.1dTMYsgZBbTP"
*** You are running in headless mode.
Unable to read VR Path Registry from C:\Users\jjw4418\AppData\Local\openvr\openvrpaths.vrpath
Unable to read VR Path Registry from C:\Users\jjw4418\AppData\Local\openvr\openvrpaths.vrpath
Unable to read VR Path Registry from C:\Users\jjw4418\AppData\Local\openvr\openvrpaths.vrpath
1546955319283	Marionette	INFO	Listening on port 64791
Unable to read VR Path Registry from C:\Users\jjw4418\AppData\Local\openvr\openvrpaths.vrpath
1546955319612	Marionette	WARN	TLS certificate errors will be ignored for this session
1546955428620	addons.productaddons	WARN	Failed downloading via XHR, status: 0, reason: error
127.0.0.1:64862
1546955334801	mozrunner::runner	INFO	Running command: "C:\\Program Files\\Mozilla Firefox\\firefox.exe" "-marionette" "--headless" "-foreground" "-no-remote" "-profile" "C:\\Users\\jjw4418\\AppData\\Local\\Temp\\rust_mozprofile.QmFa17t9FvBT"
*** You are running in headless mode.
Unable to read VR Path Registry from C:\Users\jjw4418\AppData\Local\openvr\openvrpaths.vrpath
Unable to read VR Path Registry from C:\Users\jjw4418\AppData\Local\openvr\openvrpaths.vrpath
Unable to read VR Path Registry from C:\Users\jjw4418\AppData\Local\openvr\openvrpaths.vrpath
1546955337138	Marionette	INFO	Listening on port 64887
Unable to read VR Path Registry from C:\Users\jjw4418\AppData\Local\openvr\openvrpaths.vrpath
1546955337526	Marionette	WARN	TLS certificate errors will be ignored for this session
1546955376891	addons.productaddons	WARN	Failed downloading XML, status: 0, reason: timeout
1546955428622	addons.productaddons	WARN	Failed downloading via XHR, status: 0, reason: error
1546955503713	geckodriver	INFO	geckodriver 0.21.0
1546955503724	geckodriver	INFO	Listening on 127.0.0.1:61404
1546955506727	mozrunner::runner	INFO	Running command: "C:\\Program Files\\Mozilla Firefox\\firefox.exe" "-marionette" "--headless" "-foreground" "-no-remote" "-profile" "C:\\Users\\jjw4418\\AppData\\Local\\Temp\\rust_mozprofile.K7fBzAouXESD"
*** You are running in headless mode.
Unable to read VR Path Registry from C:\Users\jjw4418\AppData\Local\openvr\openvrpaths.vrpath
Unable to read VR Path Registry from C:\Users\jjw4418\AppData\Local\openvr\openvrpaths.vrpath
Unable to read VR Path Registry from C:\Users\jjw4418\AppData\Local\openvr\openvrpaths.vrpath
Unable to read VR Path Registry from C:\Users\jjw4418\AppData\Local\openvr\openvrpaths.vrpath
1546955509206	Marionette	INFO	Listening on port 61416
1546955509462	Marionette	WARN	TLS certificate errors will be ignored for this session
1546955509568	geckodriver	INFO	geckodriver 0.21.0
1546955509581	geckodriver	INFO	Listening on 127.0.0.1:61438
1546955512594	mozrunner::runner	INFO	Running command: "C:\\Program Files\\Mozilla Firefox\\firefox.exe" "-marionette" "--headless" "-foreground" "-no-remote" "-profile" "C:\\Users\\jjw4418\\AppData\\Local\\Temp\\rust_mozprofile.8Fw4WGILxcMS"
*** You are running in headless mode.
Unable to read VR Path Registry from C:\Users\jjw4418\AppData\Local\openvr\openvrpaths.vrpath
Unable to read VR Path Registry from C:\Users\jjw4418\AppData\Local\openvr\openvrpaths.vrpath
Unable to read VR Path Registry from C:\Users\jjw4418\AppData\Local\openvr\openvrpaths.vrpath
Unable to read VR Path Registry from C:\Users\jjw4418\AppData\Local\openvr\openvrpaths.vrpath
1546955514632	Marionette	INFO	Listening on port 61461
1546955514725	Marionette	WARN	TLS certificate errors will be ignored for this session
1546955514859	geckodriver	INFO	geckodriver 0.21.0
1546955514871	geckodriver	INFO	Listening on 127.0.0.1:61480
1546955517889	mozrunner::runner	INFO	Running command: "C:\\Program Files\\Mozilla Firefox\\firefox.exe" "-marionette" "--headless" "-foreground" "-no-remote" "-profile" "C:\\Users\\jjw4418\\AppData\\Local\\Temp\\rust_mozprofile.Muii7pAfE1Z7"
*** You are running in headless mode.
Unable to read VR Path Registry from C:\Users\jjw4418\AppData\Local\openvr\openvrpaths.vrpath
Unable to read VR Path Registry from C:\Users\jjw4418\AppData\Local\openvr\openvrpaths.vrpath
Unable to read VR Path Registry from C:\Users\jjw4418\AppData\Local\openvr\openvrpaths.vrpath
Unable to read VR Path Registry from C:\Users\jjw4418\AppData\Local\openvr\openvrpaths.vrpath
1546955519918	Marionette	INFO	Listening on port 61503
1546955520021	Marionette	WARN	TLS certificate errors will be ignored for this session
1546955520198	geckodriver	INFO	geckodriver 0.21.0
1546955520213	geckodriver	INFO	Listening on 127.0.0.1:61520
1546955523214	mozrunner::runner	INFO	Running command: "C:\\Program Files\\Mozilla Firefox\\firefox.exe" "-marionette" "--headless" "-foreground" "-no-remote" "-profile" "C:\\Users\\jjw4418\\AppData\\Local\\Temp\\rust_mozprofile.S4y6rARnGuYH"
*** You are running in headless mode.
Unable to read VR Path Registry from C:\Users\jjw4418\AppData\Local\openvr\openvrpaths.vrpath
Unable to read VR Path Registry from C:\Users\jjw4418\AppData\Local\openvr\openvrpaths.vrpath
Unable to read VR Path Registry from C:\Users\jjw4418\AppData\Local\openvr\openvrpaths.vrpath
1546955525629	Marionette	INFO	Listening on port 61544
Unable to read VR Path Registry from C:\Users\jjw4418\AppData\Local\openvr\openvrpaths.vrpath
1546955525949	Marionette	WARN	TLS certificate errors will be ignored for this session
1546955526093	geckodriver	INFO	geckodriver 0.21.0
1546955526107	geckodriver	INFO	Listening on 127.0.0.1:61566
1546955529103	mozrunner::runner	INFO	Running command: "C:\\Program Files\\Mozilla Firefox\\firefox.exe" "-marionette" "--headless" "-foreground" "-no-remote" "-profile" "C:\\Users\\jjw4418\\AppData\\Local\\Temp\\rust_mozprofile.WJyDpTsOeJyC"
*** You are running in headless mode.
Unable to read VR Path Registry from C:\Users\jjw4418\AppData\Local\openvr\openvrpaths.vrpath
Unable to read VR Path Registry from C:\Users\jjw4418\AppData\Local\openvr\openvrpaths.vrpath
Unable to read VR Path Registry from C:\Users\jjw4418\AppData\Local\openvr\openvrpaths.vrpath
1546955531474	Marionette	INFO	Listening on port 61589
Unable to read VR Path Registry from C:\Users\jjw4418\AppData\Local\openvr\openvrpaths.vrpath
1546955531825	Marionette	WARN	TLS certificate errors will be ignored for this session
1546955531908	geckodriver	INFO	geckodriver 0.21.0
1546955531923	geckodriver	INFO	Listening on 127.0.0.1:61610
1546955534938	mozrunner::runner	INFO	Running command: "C:\\Program Files\\Mozilla Firefox\\firefox.exe" "-marionette" "--headless" "-foreground" "-no-remote" "-profile" "C:\\Users\\jjw4418\\AppData\\Local\\Temp\\rust_mozprofile.jFKIa7y1UYAW"
*** You are running in headless mode.
Unable to read VR Path Registry from C:\Users\jjw4418\AppData\Local\openvr\openvrpaths.vrpath
Unable to read VR Path Registry from C:\Users\jjw4418\AppData\Local\openvr\openvrpaths.vrpath
Unable to read VR Path Registry from C:\Users\jjw4418\AppData\Local\openvr\openvrpaths.vrpath
1546955537362	Marionette	INFO	Listening on port 61633
Unable to read VR Path Registry from C:\Users\jjw4418\AppData\Local\openvr\openvrpaths.vrpath
1546955537675	Marionette	WARN	TLS certificate errors will be ignored for this session
1546955537761	geckodriver	INFO	geckodriver 0.21.0
1546955537774	geckodriver	INFO	Listening on 127.0.0.1:61654
1546955540827	mozrunner::runner	INFO	Running command: "C:\\Program Files\\Mozilla Firefox\\firefox.exe" "-marionette" "--headless" "-foreground" "-no-remote" "-profile" "C:\\Users\\jjw4418\\AppData\\Local\\Temp\\rust_mozprofile.hAcDDLFQ6At5"
*** You are running in headless mode.
Unable to read VR Path Registry from C:\Users\jjw4418\AppData\Local\openvr\openvrpaths.vrpath
Unable to read VR Path Registry from C:\Users\jjw4418\AppData\Local\openvr\openvrpaths.vrpath
Unable to read VR Path Registry from C:\Users\jjw4418\AppData\Local\openvr\openvrpaths.vrpath
1546955543243	Marionette	INFO	Listening on port 61678
Unable to read VR Path Registry from C:\Users\jjw4418\AppData\Local\openvr\openvrpaths.vrpath
1546955543558	Marionette	WARN	TLS certificate errors will be ignored for this session
1546955543660	geckodriver	INFO	geckodriver 0.21.0
1546955543675	geckodriver	INFO	Listening on 127.0.0.1:61699
1546955546694	mozrunner::runner	INFO	Running command: "C:\\Program Files\\Mozilla Firefox\\firefox.exe" "-marionette" "--headless" "-foreground" "-no-remote" "-profile" "C:\\Users\\jjw4418\\AppData\\Local\\Temp\\rust_mozprofile.TxW2AbInhHvP"
*** You are running in headless mode.
Unable to read VR Path Registry from C:\Users\jjw4418\AppData\Local\openvr\openvrpaths.vrpath
Unable to read VR Path Registry from C:\Users\jjw4418\AppData\Local\openvr\openvrpaths.vrpath
Unable to read VR Path Registry from C:\Users\jjw4418\AppData\Local\openvr\openvrpaths.vrpath
1546955549161	Marionette	INFO	Listening on port 61720
Unable to read VR Path Registry from C:\Users\jjw4418\AppData\Local\openvr\openvrpaths.vrpath
1546955549425	Marionette	WARN	TLS certificate errors will be ignored for this session
1546955549558	geckodriver	INFO	geckodriver 0.21.0
1546955549580	geckodriver	INFO	Listening on 127.0.0.1:61741
1546955552545	mozrunner::runner	INFO	Running command: "C:\\Program Files\\Mozilla Firefox\\firefox.exe" "-marionette" "--headless" "-foreground" "-no-remote" "-profile" "C:\\Users\\jjw4418\\AppData\\Local\\Temp\\rust_mozprofile.4W41KeEhtTJy"
*** You are running in headless mode.
Unable to read VR Path Registry from C:\Users\jjw4418\AppData\Local\openvr\openvrpaths.vrpath
Unable to read VR Path Registry from C:\Users\jjw4418\AppData\Local\openvr\openvrpaths.vrpath
Unable to read VR Path Registry from C:\Users\jjw4418\AppData\Local\openvr\openvrpaths.vrpath
1546955555912	Marionette	INFO	Listening on port 61764
Unable to read VR Path Registry from C:\Users\jjw4418\AppData\Local\openvr\openvrpaths.vrpath
1546955555987	Marionette	WARN	TLS certificate errors will be ignored for this session
1546955556140	geckodriver	INFO	geckodriver 0.21.0
1546955556152	geckodriver	INFO	Listening on 127.0.0.1:61786
1546955559165	mozrunner::runner	INFO	Running command: "C:\\Program Files\\Mozilla Firefox\\firefox.exe" "-marionette" "--headless" "-foreground" "-no-remote" "-profile" "C:\\Users\\jjw4418\\AppData\\Local\\Temp\\rust_mozprofile.2DCj4MsQIF52"
*** You are running in headless mode.
Unable to read VR Path Registry from C:\Users\jjw4418\AppData\Local\openvr\openvrpaths.vrpath
Unable to read VR Path Registry from C:\Users\jjw4418\AppData\Local\openvr\openvrpaths.vrpath
Unable to read VR Path Registry from C:\Users\jjw4418\AppData\Local\openvr\openvrpaths.vrpath
1546955561812	Marionette	INFO	Listening on port 61809
Unable to read VR Path Registry from C:\Users\jjw4418\AppData\Local\openvr\openvrpaths.vrpath
1546955561895	Marionette	WARN	TLS certificate errors will be ignored for this session
1546955637278	geckodriver	INFO	geckodriver 0.21.0
1546955637291	geckodriver	INFO	Listening on 127.0.0.1:61964
1546955640277	mozrunner::runner	INFO	Running command: "C:\\Program Files\\Mozilla Firefox\\firefox.exe" "-marionette" "--headless" "-foreground" "-no-remote" "-profile" "C:\\Users\\jjw4418\\AppData\\Local\\Temp\\rust_mozprofile.aOKCCLny6FeY"
*** You are running in headless mode.
Unable to read VR Path Registry from C:\Users\jjw4418\AppData\Local\openvr\openvrpaths.vrpath
Unable to read VR Path Registry from C:\Users\jjw4418\AppData\Local\openvr\openvrpaths.vrpath
Unable to read VR Path Registry from C:\Users\jjw4418\AppData\Local\openvr\openvrpaths.vrpath
1546955642603	Marionette	INFO	Listening on port 61976
Unable to read VR Path Registry from C:\Users\jjw4418\AppData\Local\openvr\openvrpaths.vrpath
1546955643005	Marionette	WARN	TLS certificate errors will be ignored for this session
1546955643095	geckodriver	INFO	geckodriver 0.21.0
1546955643104	geckodriver	INFO	Listening on 127.0.0.1:61996
1546955646104	mozrunner::runner	INFO	Running command: "C:\\Program Files\\Mozilla Firefox\\firefox.exe" "-marionette" "--headless" "-foreground" "-no-remote" "-profile" "C:\\Users\\jjw4418\\AppData\\Local\\Temp\\rust_mozprofile.ah7VIWfNUSOk"
*** You are running in headless mode.
Unable to read VR Path Registry from C:\Users\jjw4418\AppData\Local\openvr\openvrpaths.vrpath
Unable to read VR Path Registry from C:\Users\jjw4418\AppData\Local\openvr\openvrpaths.vrpath
Unable to read VR Path Registry from C:\Users\jjw4418\AppData\Local\openvr\openvrpaths.vrpath
1546955648493	Marionette	INFO	Listening on port 62020
Unable to read VR Path Registry from C:\Users\jjw4418\AppData\Local\openvr\openvrpaths.vrpath
1546955648833	Marionette	WARN	TLS certificate errors will be ignored for this session
1546955649085	geckodriver	INFO	geckodriver 0.21.0
1546955649098	geckodriver	INFO	Listening on 127.0.0.1:62041
1546955651959	mozrunner::runner	INFO	Running command: "C:\\Program Files\\Mozilla Firefox\\firefox.exe" "-marionette" "--headless" "-foreground" "-no-remote" "-profile" "C:\\Users\\jjw4418\\AppData\\Local\\Temp\\rust_mozprofile.PJfAVW45efSm"
*** You are running in headless mode.
Unable to read VR Path Registry from C:\Users\jjw4418\AppData\Local\openvr\openvrpaths.vrpath
Unable to read VR Path Registry from C:\Users\jjw4418\AppData\Local\openvr\openvrpaths.vrpath
Unable to read VR Path Registry from C:\Users\jjw4418\AppData\Local\openvr\openvrpaths.vrpath
1546955655053	Marionette	INFO	Listening on port 62065
Unable to read VR Path Registry from C:\Users\jjw4418\AppData\Local\openvr\openvrpaths.vrpath
1546955655211	Marionette	WARN	TLS certificate errors will be ignored for this session
1546955655378	geckodriver	INFO	geckodriver 0.21.0
1546955655392	geckodriver	INFO	Listening on 127.0.0.1:62086
1546955658477	mozrunner::runner	INFO	Running command: "C:\\Program Files\\Mozilla Firefox\\firefox.exe" "-marionette" "--headless" "-foreground" "-no-remote" "-profile" "C:\\Users\\jjw4418\\AppData\\Local\\Temp\\rust_mozprofile.XLoiLNLnD7rX"
*** You are running in headless mode.
Unable to read VR Path Registry from C:\Users\jjw4418\AppData\Local\openvr\openvrpaths.vrpath
Unable to read VR Path Registry from C:\Users\jjw4418\AppData\Local\openvr\openvrpaths.vrpath
Unable to read VR Path Registry from C:\Users\jjw4418\AppData\Local\openvr\openvrpaths.vrpath
1546955660888	Marionette	INFO	Listening on port 62108
Unable to read VR Path Registry from C:\Users\jjw4418\AppData\Local\openvr\openvrpaths.vrpath
1546955661216	Marionette	WARN	TLS certificate errors will be ignored for this session
1546955661339	geckodriver	INFO	geckodriver 0.21.0
1546955661353	geckodriver	INFO	Listening on 127.0.0.1:62130
1546955664346	mozrunner::runner	INFO	Running command: "C:\\Program Files\\Mozilla Firefox\\firefox.exe" "-marionette" "--headless" "-foreground" "-no-remote" "-profile" "C:\\Users\\jjw4418\\AppData\\Local\\Temp\\rust_mozprofile.WeR972oEBRkV"
*** You are running in headless mode.
Unable to read VR Path Registry from C:\Users\jjw4418\AppData\Local\openvr\openvrpaths.vrpath
Unable to read VR Path Registry from C:\Users\jjw4418\AppData\Local\openvr\openvrpaths.vrpath
Unable to read VR Path Registry from C:\Users\jjw4418\AppData\Local\openvr\openvrpaths.vrpath
1546955667018	Marionette	INFO	Listening on port 62151
1546955667069	Marionette	WARN	TLS certificate errors will be ignored for this session
Unable to read VR Path Registry from C:\Users\jjw4418\AppData\Local\openvr\openvrpaths.vrpath
27.0.0.1:62169
1546955670212	mozrunner::runner	INFO	Running command: "C:\\Program Files\\Mozilla Firefox\\firefox.exe" "-marionette" "--headless" "-foreground" "-no-remote" "-profile" "C:\\Users\\jjw4418\\AppData\\Local\\Temp\\rust_mozprofile.YUHtSu0WbPLU"
*** You are running in headless mode.
Unable to read VR Path Registry from C:\Users\jjw4418\AppData\Local\openvr\openvrpaths.vrpath
Unable to read VR Path Registry from C:\Users\jjw4418\AppData\Local\openvr\openvrpaths.vrpath
Unable to read VR Path Registry from C:\Users\jjw4418\AppData\Local\openvr\openvrpaths.vrpath
1546955674158	Marionette	INFO	Listening on port 62195
1546955674559	Marionette	WARN	TLS certificate errors will be ignored for this session
1546955674673	geckodriver	INFO	geckodriver 0.21.0
1546955674686	geckodriver	INFO	Listening on 127.0.0.1:62229
1546955677676	mozrunner::runner	INFO	Running command: "C:\\Program Files\\Mozilla Firefox\\firefox.exe" "-marionette" "--headless" "-foreground" "-no-remote" "-profile" "C:\\Users\\jjw4418\\AppData\\Local\\Temp\\rust_mozprofile.66BdgwjzyhEh"
*** You are running in headless mode.
Unable to read VR Path Registry from C:\Users\jjw4418\AppData\Local\openvr\openvrpaths.vrpath
Unable to read VR Path Registry from C:\Users\jjw4418\AppData\Local\openvr\openvrpaths.vrpath
Unable to read VR Path Registry from C:\Users\jjw4418\AppData\Local\openvr\openvrpaths.vrpath
Unable to read VR Path Registry from C:\Users\jjw4418\AppData\Local\openvr\openvrpaths.vrpath
1546955681289	Marionette	INFO	Listening on port 62252
1546955681503	Marionette	WARN	TLS certificate errors will be ignored for this session
1546955681618	geckodriver	INFO	geckodriver 0.21.0
1546955681628	geckodriver	INFO	Listening on 127.0.0.1:62276
1546955684628	mozrunner::runner	INFO	Running command: "C:\\Program Files\\Mozilla Firefox\\firefox.exe" "-marionette" "--headless" "-foreground" "-no-remote" "-profile" "C:\\Users\\jjw4418\\AppData\\Local\\Temp\\rust_mozprofile.kVGLBr573Ck7"
*** You are running in headless mode.
Unable to read VR Path Registry from C:\Users\jjw4418\AppData\Local\openvr\openvrpaths.vrpath
Unable to read VR Path Registry from C:\Users\jjw4418\AppData\Local\openvr\openvrpaths.vrpath
Unable to read VR Path Registry from C:\Users\jjw4418\AppData\Local\openvr\openvrpaths.vrpath
1546955688316	Marionette	INFO	Listening on port 62302
Unable to read VR Path Registry from C:\Users\jjw4418\AppData\Local\openvr\openvrpaths.vrpath
1546955688583	Marionette	WARN	TLS certificate errors will be ignored for this session
1546955688712	geckodriver	INFO	geckodriver 0.21.0
1546955688726	geckodriver	INFO	Listening on 127.0.0.1:62334
1546955691717	mozrunner::runner	INFO	Running command: "C:\\Program Files\\Mozilla Firefox\\firefox.exe" "-marionette" "--headless" "-foreground" "-no-remote" "-profile" "C:\\Users\\jjw4418\\AppData\\Local\\Temp\\rust_mozprofile.nNfSdwzOAJDm"
*** You are running in headless mode.
Unable to read VR Path Registry from C:\Users\jjw4418\AppData\Local\openvr\openvrpaths.vrpath
Unable to read VR Path Registry from C:\Users\jjw4418\AppData\Local\openvr\openvrpaths.vrpath
Unable to read VR Path Registry from C:\Users\jjw4418\AppData\Local\openvr\openvrpaths.vrpath
1546955694414	Marionette	INFO	Listening on port 62371
Unable to read VR Path Registry from C:\Users\jjw4418\AppData\Local\openvr\openvrpaths.vrpath
1546955694489	Marionette	WARN	TLS certificate errors will be ignored for this session
1546955694678	geckodriver	INFO	geckodriver 0.21.0
1546955694691	geckodriver	INFO	Listening on 127.0.0.1:62397
1546955697684	mozrunner::runner	INFO	Running command: "C:\\Program Files\\Mozilla Firefox\\firefox.exe" "-marionette" "--headless" "-foreground" "-no-remote" "-profile" "C:\\Users\\jjw4418\\AppData\\Local\\Temp\\rust_mozprofile.wMbokL7TCCA3"
*** You are running in headless mode.
Unable to read VR Path Registry from C:\Users\jjw4418\AppData\Local\openvr\openvrpaths.vrpath
Unable to read VR Path Registry from C:\Users\jjw4418\AppData\Local\openvr\openvrpaths.vrpath
Unable to read VR Path Registry from C:\Users\jjw4418\AppData\Local\openvr\openvrpaths.vrpath
1546955700527	Marionette	INFO	Listening on port 62420
1546955700904	Marionette	WARN	TLS certificate errors will be ignored for this session
Unable to read VR Path Registry from C:\Users\jjw4418\AppData\Local\openvr\openvrpaths.vrpath
1546955777712	geckodriver	INFO	geckodriver 0.21.0
1546955777725	geckodriver	INFO	Listening on 127.0.0.1:62601
1546955780714	mozrunner::runner	INFO	Running command: "C:\\Program Files\\Mozilla Firefox\\firefox.exe" "-marionette" "--headless" "-foreground" "-no-remote" "-profile" "C:\\Users\\jjw4418\\AppData\\Local\\Temp\\rust_mozprofile.0UYZHaHxVJQg"
*** You are running in headless mode.
Unable to read VR Path Registry from C:\Users\jjw4418\AppData\Local\openvr\openvrpaths.vrpath
Unable to read VR Path Registry from C:\Users\jjw4418\AppData\Local\openvr\openvrpaths.vrpath
Unable to read VR Path Registry from C:\Users\jjw4418\AppData\Local\openvr\openvrpaths.vrpath
1546955782980	Marionette	INFO	Listening on port 62615
Unable to read VR Path Registry from C:\Users\jjw4418\AppData\Local\openvr\openvrpaths.vrpath
1546955783434	Marionette	WARN	TLS certificate errors will be ignored for this session
1546955801196	geckodriver	INFO	geckodriver 0.21.0
1546955801206	geckodriver	INFO	Listening on 127.0.0.1:62677
1546955804212	mozrunner::runner	INFO	Running command: "C:\\Program Files\\Mozilla Firefox\\firefox.exe" "-marionette" "--headless" "-foreground" "-no-remote" "-profile" "C:\\Users\\jjw4418\\AppData\\Local\\Temp\\rust_mozprofile.3kKBCqTcYYeT"
*** You are running in headless mode.
Unable to read VR Path Registry from C:\Users\jjw4418\AppData\Local\openvr\openvrpaths.vrpath
Unable to read VR Path Registry from C:\Users\jjw4418\AppData\Local\openvr\openvrpaths.vrpath
Unable to read VR Path Registry from C:\Users\jjw4418\AppData\Local\openvr\openvrpaths.vrpath
1546955806684	Marionette	INFO	Listening on port 62692
Unable to read VR Path Registry from C:\Users\jjw4418\AppData\Local\openvr\openvrpaths.vrpath
1546955806936	Marionette	WARN	TLS certificate errors will be ignored for this session
1546956559262	geckodriver	INFO	geckodriver 0.21.0
1546956559276	geckodriver	INFO	Listening on 127.0.0.1:49475
1546956562268	mozrunner::runner	INFO	Running command: "C:\\Program Files\\Mozilla Firefox\\firefox.exe" "-marionette" "--headless" "-foreground" "-no-remote" "-profile" "C:\\Users\\jjw4418\\AppData\\Local\\Temp\\rust_mozprofile.trM6q0mJgsgi"
*** You are running in headless mode.
Unable to read VR Path Registry from C:\Users\jjw4418\AppData\Local\openvr\openvrpaths.vrpath
Unable to read VR Path Registry from C:\Users\jjw4418\AppData\Local\openvr\openvrpaths.vrpath
Unable to read VR Path Registry from C:\Users\jjw4418\AppData\Local\openvr\openvrpaths.vrpath
Unable to read VR Path Registry from C:\Users\jjw4418\AppData\Local\openvr\openvrpaths.vrpath
1546956565600	Marionette	INFO	Listening on port 49488
1546956566174	Marionette	WARN	TLS certificate errors will be ignored for this session
1546956917232	geckodriver	INFO	geckodriver 0.21.0
1546956917246	geckodriver	INFO	Listening on 127.0.0.1:50226
1546956920212	mozrunner::runner	INFO	Running command: "C:\\Program Files\\Mozilla Firefox\\firefox.exe" "-marionette" "--headless" "-foreground" "-no-remote" "-profile" "C:\\Users\\jjw4418\\AppData\\Local\\Temp\\rust_mozprofile.vCEdfxOnTpJs"
*** You are running in headless mode.
Unable to read VR Path Registry from C:\Users\jjw4418\AppData\Local\openvr\openvrpaths.vrpath
Unable to read VR Path Registry from C:\Users\jjw4418\AppData\Local\openvr\openvrpaths.vrpath
Unable to read VR Path Registry from C:\Users\jjw4418\AppData\Local\openvr\openvrpaths.vrpath
1546956923042	Marionette	INFO	Listening on port 50238
Unable to read VR Path Registry from C:\Users\jjw4418\AppData\Local\openvr\openvrpaths.vrpath
1546956923458	Marionette	WARN	TLS certificate errors will be ignored for this session
1546957479615	geckodriver	INFO	geckodriver 0.21.0
1546957479626	geckodriver	INFO	Listening on 127.0.0.1:51480
1546957482631	mozrunner::runner	INFO	Running command: "C:\\Program Files\\Mozilla Firefox\\firefox.exe" "-marionette" "--headless" "-foreground" "-no-remote" "-profile" "C:\\Users\\jjw4418\\AppData\\Local\\Temp\\rust_mozprofile.hjpFMu6vk9SB"
*** You are running in headless mode.
Unable to read VR Path Registry from C:\Users\jjw4418\AppData\Local\openvr\openvrpaths.vrpath
Unable to read VR Path Registry from C:\Users\jjw4418\AppData\Local\openvr\openvrpaths.vrpath
Unable to read VR Path Registry from C:\Users\jjw4418\AppData\Local\openvr\openvrpaths.vrpath
Unable to read VR Path Registry from C:\Users\jjw4418\AppData\Local\openvr\openvrpaths.vrpath
1546957484894	Marionette	INFO	Listening on port 51492
1546957485356	Marionette	WARN	TLS certificate errors will be ignored for this session
1546957617628	geckodriver	INFO	geckodriver 0.21.0
1546957617640	geckodriver	INFO	Listening on 127.0.0.1:51748
1546957620625	mozrunner::runner	INFO	Running command: "C:\\Program Files\\Mozilla Firefox\\firefox.exe" "-marionette" "--headless" "-foreground" "-no-remote" "-profile" "C:\\Users\\jjw4418\\AppData\\Local\\Temp\\rust_mozprofile.MxT78ZtCVdND"
*** You are running in headless mode.
Unable to read VR Path Registry from C:\Users\jjw4418\AppData\Local\openvr\openvrpaths.vrpath
Unable to read VR Path Registry from C:\Users\jjw4418\AppData\Local\openvr\openvrpaths.vrpath
Unable to read VR Path Registry from C:\Users\jjw4418\AppData\Local\openvr\openvrpaths.vrpath
Unable to read VR Path Registry from C:\Users\jjw4418\AppData\Local\openvr\openvrpaths.vrpath
1546957622906	Marionette	INFO	Listening on port 51763
1546957623355	Marionette	WARN	TLS certificate errors will be ignored for this session
1546957856034	geckodriver	INFO	geckodriver 0.21.0
1546957856046	geckodriver	INFO	Listening on 127.0.0.1:52237
1546957859039	mozrunner::runner	INFO	Running command: "C:\\Program Files\\Mozilla Firefox\\firefox.exe" "-marionette" "--headless" "-foreground" "-no-remote" "-profile" "C:\\Users\\jjw4418\\AppData\\Local\\Temp\\rust_mozprofile.mKx7W5XJagER"
*** You are running in headless mode.
Unable to read VR Path Registry from C:\Users\jjw4418\AppData\Local\openvr\openvrpaths.vrpath
Unable to read VR Path Registry from C:\Users\jjw4418\AppData\Local\openvr\openvrpaths.vrpath
Unable to read VR Path Registry from C:\Users\jjw4418\AppData\Local\openvr\openvrpaths.vrpath
Unable to read VR Path Registry from C:\Users\jjw4418\AppData\Local\openvr\openvrpaths.vrpath
1546957861324	Marionette	INFO	Listening on port 52249
1546957861758	Marionette	WARN	TLS certificate errors will be ignored for this session
